<?xml version="1.0" encoding="UTF-8"?>
<!-- Generated by org.testng.reporters.JUnitXMLReporter -->
<testsuite ignored="2" hostname="DESKTOP-ATNE7TS" failures="0" tests="1" name="Test" time="8.458" errors="0" timestamp="2025-11-27T12:51:37 IST">
  <testcase classname="testscript.AdminuserTest" name="verifyUserAbleToAddNewAdminUser" time="4.837"/>
  <testcase classname="testscript.AdminuserTest" name="verifyUserAbleToSearchNewlyAddedAdminUser" time="0.0">
    <ignored/>
  </testcase> <!-- verifyUserAbleToSearchNewlyAddedAdminUser -->
  <testcase classname="testscript.AdminuserTest" name="verifyUserAbleToResetAdminUser" time="0.0">
    <ignored/>
  </testcase> <!-- verifyUserAbleToResetAdminUser -->
</testsuite> <!-- Test -->
