<?xml version="1.0" encoding="UTF-8"?>
<!-- Generated by org.testng.reporters.JUnitXMLReporter -->
<testsuite ignored="0" hostname="DESKTOP-ATNE7TS" failures="0" tests="4" name="Test one" time="19.07" errors="0" timestamp="2025-11-24T21:22:04 IST">
  <testcase classname="testscript.LoginTest" name="verifyUserLoginWithValidCredentials" time="3.17"/>
  <testcase classname="testscript.LoginTest" name="verifyUserloginWithValidUsernameAndInvalidPassword" time="0.972"/>
  <testcase classname="testscript.LoginTest" name="verifyUserloginWithInValidUsernameAndvalidPassword" time="0.977"/>
  <testcase classname="testscript.LoginTest" name="verifyUserLoginWithInValidCredentials" time="1.053"/>
</testsuite> <!-- Test one -->
