<?xml version="1.0" encoding="UTF-8"?>
<!-- Generated by org.testng.reporters.JUnitXMLReporter -->
<testsuite ignored="0" hostname="DESKTOP-ATNE7TS" failures="0" tests="4" name="Test one" time="26.591" errors="0" timestamp="2025-11-24T21:28:47 IST">
  <testcase classname="testscript.LoginTest" name="verifyUserLoginWithValidCredentials" time="2.366"/>
  <testcase classname="testscript.LoginTest" name="verifyUserloginWithValidUsernameAndInvalidPassword" time="0.845"/>
  <testcase classname="testscript.LoginTest" name="verifyUserloginWithInValidUsernameAndvalidPassword" time="0.85"/>
  <testcase classname="testscript.LoginTest" name="verifyUserLoginWithInValidCredentials" time="0.874"/>
</testsuite> <!-- Test one -->
