<?xml version="1.0" encoding="UTF-8"?>
<!-- Generated by org.testng.reporters.JUnitReportReporter -->
<testsuite hostname="DESKTOP-ATNE7TS" failures="0" tests="2" name="testscript.ManageNewsTest" time="13.390" errors="0" timestamp="2025-11-24T23:12:16 IST" skipped="0">
  <testcase classname="testscript.ManageNewsTest" name="verifyUserAbleToAddNewNews" time="7.648"/>
  <testcase classname="testscript.ManageNewsTest" name="verifyUserAbleToSearchAddedNews" time="5.742"/>
</testsuite> <!-- testscript.ManageNewsTest -->
