<?xml version="1.0" encoding="UTF-8"?>
<!-- Generated by org.testng.reporters.JUnitReportReporter -->
<testsuite hostname="DESKTOP-ATNE7TS" failures="0" tests="2" name="testscript.LoginTest" time="6.117" errors="0" timestamp="2025-11-25T12:19:48 IST" skipped="0">
  <testcase classname="testscript.LoginTest" name="verifyUserLoginWithInValidCredentials" time="3.624"/>
  <testcase classname="testscript.LoginTest" name="verifyUserLoginWithInValidCredentials" time="2.493"/>
</testsuite> <!-- testscript.LoginTest -->
