<?xml version="1.0" encoding="UTF-8"?>
<testng-results ignored="0" total="1" passed="1" failed="0" skipped="0">
  <reporter-output>
  </reporter-output>
  <suite started-at="2025-11-27T12:51:28 IST" name="Suite" finished-at="2025-11-27T12:51:36 IST" duration-ms="8458">
    <groups>
    </groups>
    <test started-at="2025-11-27T12:51:28 IST" name="Test" finished-at="2025-11-27T12:51:36 IST" duration-ms="8458">
      <class name="testscript.AdminuserTest">
        <test-method is-config="true" signature="initialiseBrowser(java.lang.String)[pri:0, instance:testscript.AdminuserTest@3aa078fd]" started-at="2025-11-27T12:51:28 IST" name="initialiseBrowser" finished-at="2025-11-27T12:51:31 IST" duration-ms="3563" status="PASS">
          <params>
            <param index="0">
              <value>
                <![CDATA[Chrome]]>
              </value>
            </param>
          </params>
          <reporter-output>
          </reporter-output>
        </test-method> <!-- initialiseBrowser -->
        <test-method signature="verifyUserAbleToAddNewAdminUser()[pri:1, instance:testscript.AdminuserTest@3aa078fd]" started-at="2025-11-27T12:51:31 IST" name="verifyUserAbleToAddNewAdminUser" description="verifying user is able to add new user" finished-at="2025-11-27T12:51:36 IST" duration-ms="4837" status="PASS">
          <reporter-output>
          </reporter-output>
        </test-method> <!-- verifyUserAbleToAddNewAdminUser -->
        <test-method is-config="true" signature="driverQuit(org.testng.ITestResult)[pri:0, instance:testscript.AdminuserTest@3aa078fd]" started-at="2025-11-27T12:51:36 IST" name="driverQuit" finished-at="2025-11-27T12:51:36 IST" duration-ms="0" status="PASS">
          <params>
            <param index="0">
              <value>
                <![CDATA[[TestResult name=verifyUserAbleToAddNewAdminUser status=SUCCESS method=AdminuserTest.verifyUserAbleToAddNewAdminUser()[pri:1, instance:testscript.AdminuserTest@3aa078fd] output={null}]]]>
              </value>
            </param>
          </params>
          <reporter-output>
          </reporter-output>
        </test-method> <!-- driverQuit -->
      </class> <!-- testscript.AdminuserTest -->
    </test> <!-- Test -->
  </suite> <!-- Suite -->
</testng-results>
