<?xml version="1.0" encoding="UTF-8"?>
<!-- Generated by org.testng.reporters.JUnitXMLReporter -->
<testsuite ignored="3" hostname="DESKTOP-ATNE7TS" failures="0" tests="1" name="ChromeTest" time="5.186" errors="0" timestamp="2025-11-24T21:11:24 IST">
  <testcase classname="testscript.LoginTest" name="verifyUserLoginWithValidCredentials" time="2.315"/>
  <testcase classname="testscript.LoginTest" name="verifyUserLoginWithInValidCredentials" time="0.0">
    <ignored/>
  </testcase> <!-- verifyUserLoginWithInValidCredentials -->
  <testcase classname="testscript.LoginTest" name="verifyUserloginWithValidUsernameAndInvalidPassword" time="0.0">
    <ignored/>
  </testcase> <!-- verifyUserloginWithValidUsernameAndInvalidPassword -->
  <testcase classname="testscript.LoginTest" name="verifyUserloginWithInValidUsernameAndvalidPassword" time="0.0">
    <ignored/>
  </testcase> <!-- verifyUserloginWithInValidUsernameAndvalidPassword -->
</testsuite> <!-- ChromeTest -->
