<?xml version="1.0" encoding="UTF-8"?>
<!-- Generated by org.testng.reporters.JUnitXMLReporter -->
<testsuite ignored="3" hostname="DESKTOP-ATNE7TS" failures="0" tests="1" name="FirefoxTest" time="7.1" errors="0" timestamp="2025-11-24T21:11:31 IST">
  <testcase classname="testscript.LoginTest" name="verifyUserLoginWithValidCredentials" time="1.028"/>
  <testcase classname="testscript.LoginTest" name="verifyUserloginWithValidUsernameAndInvalidPassword" time="0.0">
    <ignored/>
  </testcase> <!-- verifyUserloginWithValidUsernameAndInvalidPassword -->
  <testcase classname="testscript.LoginTest" name="verifyUserloginWithInValidUsernameAndvalidPassword" time="0.0">
    <ignored/>
  </testcase> <!-- verifyUserloginWithInValidUsernameAndvalidPassword -->
  <testcase classname="testscript.LoginTest" name="verifyUserLoginWithInValidCredentials" time="0.0">
    <ignored/>
  </testcase> <!-- verifyUserLoginWithInValidCredentials -->
</testsuite> <!-- FirefoxTest -->
